<?xml version="1.0" encoding="UTF-8" ?>
<testsuite errors="0" failures="0" hostname="filip-ThinkPad" name="matematika.operationTest" skipped="0" tests="8" time="0.115" timestamp="2016-04-21T07:18:08">
  <properties>
    <property name="netbeans.autoupdate.country" value="CZ" />
    <property name="javac.test.classpath" value=":build/classes:/home/filip/netbeans-8.0.2/platform/modules/ext/junit-4.10.jar" />
    <property name="libs.junit.javadoc" value="/home/filip/netbeans-8.0.2/java/docs/junit-3.8.2-api.zip" />
    <property name="ant.core.lib" value="/home/filip/netbeans-8.0.2/extide/ant/lib/ant.jar" />
    <property name="javadoc.windowtitle" value="" />
    <property name="user.dir" value="/home/filip/Dokumenty/skola/leto/IVS/DuckCalc/DuckCalcMath" />
    <property name="java.vm.version" value="24.80-b11" />
    <property name="libs.MySQLDriver.classpath" value="/home/filip/netbeans-8.0.2/ide/modules/ext/mysql-connector-java-5.1.23-bin.jar" />
    <property name="libs.eclipselinkmodelgen.src" value="" />
    <property name="javadoc.notree" value="false" />
    <property name="netbeans.autoupdate.version" value="1.23" />
    <property name="netbeans.running.environment" value="gnome" />
    <property name="javac.profile.cmd.line.arg" value="" />
    <property name="jdk.home" value="/home/filip/jdk1.7.0_80" />
    <property name="libs.javac-api.src" value="" />
    <property name="javadoc.noindex" value="false" />
    <property name="libs.jpa2-persistence.classpath" value="/home/filip/netbeans-8.0.2/java/modules/ext/hibernate4/hibernate-jpa-2.1-api-1.0.0.Final.jar" />
    <property name="sun.os.patch.level" value="unknown" />
    <property name="java.vm.specification.name" value="Java Virtual Machine Specification" />
    <property name="nb.show.statistics.ui" value="usageStatisticsEnabled" />
    <property name="netbeans.autoupdate.variant" value="" />
    <property name="have.tests" value="true" />
    <property name="org.xml.sax.driver" value="com.sun.org.apache.xerces.internal.jaxp.SAXParserImpl$JAXPSAXParser" />
    <property name="libs.javac-api.javadoc" value="" />
    <property name="os.name" value="Linux" />
    <property name="libs.beans-binding.classpath" value="/home/filip/netbeans-8.0.2/java/modules/ext/beansbinding-1.2.1.jar" />
    <property name="ap.proc.none.internal" value="" />
    <property name="libs.JWSAntTasks.maven-pom" value="" />
    <property name="libs.testng.src" value="" />
    <property name="java.vendor.url.bug" value="http://bugreport.sun.com/bugreport/" />
    <property name="libs.jaxb.maven-pom" value="" />
    <property name="os.arch" value="amd64" />
    <property name="libs.eclipselink.src" value="" />
    <property name="user.name" value="filip" />
    <property name="copylibs.rebase" value="true" />
    <property name="libs.swing-layout.maven-pom" value="" />
    <property name="sun.java.command" value="org.apache.tools.ant.taskdefs.optional.junit.JUnitTestRunner matematika.operationTest skipNonTests=false filtertrace=true haltOnError=false haltOnFailure=false showoutput=true outputtoformatters=true logfailedtests=true threadid=0 logtestlistenerevents=true formatter=org.apache.tools.ant.taskdefs.optional.junit.BriefJUnitResultFormatter formatter=org.apache.tools.ant.taskdefs.optional.junit.XMLJUnitResultFormatter,/home/filip/Dokumenty/skola/leto/IVS/DuckCalc/DuckCalcMath/build/test/results/TEST-matematika.operationTest.xml crashfile=/home/filip/Dokumenty/skola/leto/IVS/DuckCalc/DuckCalcMath/build/junitvmwatcher6697903406820170271.properties propsfile=/home/filip/Dokumenty/skola/leto/IVS/DuckCalc/DuckCalcMath/build/junit2654524462763354232.properties" />
    <property name="build.classes.dir" value="build/classes" />
    <property name="netbeans.accept_license_class" value="org.netbeans.license.AcceptLicense" />
    <property name="build.sysclasspath" value="ignore" />
    <property name="ap.supported.internal" value="true" />
    <property name="libs.jaxws21.javadoc" value="/home/filip/netbeans-8.0.2/java/docs/jaxws-api-doc.zip" />
    <property name="includes" value="**" />
    <property name="user.country" value="CZ" />
    <property name="javadoc.encoding" value="UTF-8" />
    <property name="javac.classpath" value="" />
    <property name="libs.spring-framework400.classpath" value="/home/filip/netbeans-8.0.2/ide/modules/org-apache-commons-logging.jar:/home/filip/netbeans-8.0.2/java/modules/ext/cglib-2.2.jar:/home/filip/netbeans-8.0.2/java/modules/ext/spring-4/spring-aop-4.0.1.RELEASE.jar:/home/filip/netbeans-8.0.2/java/modules/ext/spring-4/spring-aspects-4.0.1.RELEASE.jar:/home/filip/netbeans-8.0.2/java/modules/ext/spring-4/spring-beans-4.0.1.RELEASE.jar:/home/filip/netbeans-8.0.2/java/modules/ext/spring-4/spring-build-src-4.0.1.RELEASE.jar:/home/filip/netbeans-8.0.2/java/modules/ext/spring-4/spring-context-4.0.1.RELEASE.jar:/home/filip/netbeans-8.0.2/java/modules/ext/spring-4/spring-context-support-4.0.1.RELEASE.jar:/home/filip/netbeans-8.0.2/java/modules/ext/spring-4/spring-core-4.0.1.RELEASE.jar:/home/filip/netbeans-8.0.2/java/modules/ext/spring-4/spring-expression-4.0.1.RELEASE.jar:/home/filip/netbeans-8.0.2/java/modules/ext/spring-4/spring-framework-bom-4.0.1.RELEASE.jar:/home/filip/netbeans-8.0.2/java/modules/ext/spring-4/spring-instrument-4.0.1.RELEASE.jar:/home/filip/netbeans-8.0.2/java/modules/ext/spring-4/spring-instrument-tomcat-4.0.1.RELEASE.jar:/home/filip/netbeans-8.0.2/java/modules/ext/spring-4/spring-jdbc-4.0.1.RELEASE.jar:/home/filip/netbeans-8.0.2/java/modules/ext/spring-4/spring-jms-4.0.1.RELEASE.jar:/home/filip/netbeans-8.0.2/java/modules/ext/spring-4/spring-messaging-4.0.1.RELEASE.jar:/home/filip/netbeans-8.0.2/java/modules/ext/spring-4/spring-orm-4.0.1.RELEASE.jar:/home/filip/netbeans-8.0.2/java/modules/ext/spring-4/spring-oxm-4.0.1.RELEASE.jar:/home/filip/netbeans-8.0.2/java/modules/ext/spring-4/spring-test-4.0.1.RELEASE.jar:/home/filip/netbeans-8.0.2/java/modules/ext/spring-4/spring-tx-4.0.1.RELEASE.jar:/home/filip/netbeans-8.0.2/java/modules/ext/spring-4/spring-web-4.0.1.RELEASE.jar:/home/filip/netbeans-8.0.2/java/modules/ext/spring-4/spring-webmvc-4.0.1.RELEASE.jar:/home/filip/netbeans-8.0.2/java/modules/ext/spring-4/spring-webmvc-portlet-4.0.1.RELEASE.jar:/home/filip/netbeans-8.0.2/java/modules/ext/spring-4/spring-websocket-4.0.1.RELEASE.jar" />
    <property name="debug-transport" value="dt_socket" />
    <property name="netbeans.home" value="/home/filip/netbeans-8.0.2/platform" />
    <property name="build.compiler.emacs" value="true" />
    <property name="java.endorsed.dirs" value="/home/filip/jdk1.7.0_80/jre/lib/endorsed" />
    <property name="netbeans.dynamic.classpath" value="/home/filip/netbeans-8.0.2/platform/core/org-openide-filesystems.jar:/home/filip/netbeans-8.0.2/platform/core/core.jar:/home/filip/netbeans-8.0.2/platform/core/locale/core_ja.jar:/home/filip/netbeans-8.0.2/platform/core/locale/core_ru.jar:/home/filip/netbeans-8.0.2/platform/core/locale/core_zh_CN.jar:/home/filip/netbeans-8.0.2/platform/core/locale/org-openide-filesystems_ja.jar:/home/filip/netbeans-8.0.2/platform/core/locale/core_pt_BR.jar:/home/filip/netbeans-8.0.2/platform/core/locale/org-openide-filesystems_zh_CN.jar:/home/filip/netbeans-8.0.2/platform/core/locale/org-openide-filesystems_pt_BR.jar:/home/filip/netbeans-8.0.2/platform/core/locale/org-openide-filesystems_ru.jar:/home/filip/netbeans-8.0.2/nb/core/org-netbeans-upgrader.jar:/home/filip/netbeans-8.0.2/nb/core/locale/core_nb_zh_CN.jar:/home/filip/netbeans-8.0.2/nb/core/locale/org-netbeans-upgrader_zh_CN.jar:/home/filip/netbeans-8.0.2/nb/core/locale/core_nb_ja.jar:/home/filip/netbeans-8.0.2/nb/core/locale/org-netbeans-upgrader_ru.jar:/home/filip/netbeans-8.0.2/nb/core/locale/core_nb.jar:/home/filip/netbeans-8.0.2/nb/core/locale/org-netbeans-upgrader_ja.jar:/home/filip/netbeans-8.0.2/nb/core/locale/core_nb_pt_BR.jar:/home/filip/netbeans-8.0.2/nb/core/locale/org-netbeans-upgrader_pt_BR.jar:/home/filip/netbeans-8.0.2/nb/core/locale/core_nb_ru.jar" />
    <property name="java.vm.specification.version" value="1.7" />
    <property name="libs.hibernate4-support.src" value="" />
    <property name="netbeans.productversion" value="NetBeans IDE 8.0.2 (Build 201411181905)" />
    <property name="libs.jaxws21.src" value="" />
    <property name="do.archive" value="true" />
    <property name="netbeans.autoupdate.language" value="cs" />
    <property name="java.vendor" value="Oracle Corporation" />
    <property name="sun.font.fontmanager" value="sun.awt.X11FontManager" />
    <property name="jar.index.metainf" value="false" />
    <property name="javac.debug" value="true" />
    <property name="libs.GRAF.classpath" value="/media/filip/50E2-B88A/lib/pokus.jar" />
    <property name="javadoc.splitindex" value="true" />
    <property name="file.separator" value="/" />
    <property name="libs.junit_4.maven-pom" value="" />
    <property name="mkdist.disabled" value="true" />
    <property name="javac.test.processorpath" value=":build/classes:/home/filip/netbeans-8.0.2/platform/modules/ext/junit-4.10.jar" />
    <property name="netbeans.buildnumber" value="201411181905" />
    <property name="libs.JWSAntTasks.javadoc" value="" />
    <property name="build.generated.sources.dir" value="build/generated-sources" />
    <property name="libs.eclipselinkmodelgen.classpath" value="/home/filip/netbeans-8.0.2/java/modules/ext/eclipselink/org.eclipse.persistence.jpa.modelgen_2.5.2.v20140319-9ad6abd.jar" />
    <property name="sun.java.launcher" value="SUN_STANDARD" />
    <property name="libs.junit.classpath" value="/home/filip/netbeans-8.0.2/java/modules/ext/junit-3.8.2.jar" />
    <property name="libs.hibernate4-persistencemodelgen.javadoc" value="" />
    <property name="libs.jaxb.javadoc" value="/home/filip/netbeans-8.0.2/ide/docs/jaxb-api-doc.zip" />
    <property name="ant.home" value="/home/filip/netbeans-8.0.2/extide/ant" />
    <property name="libs.junit_4.src" value="/home/filip/netbeans-8.0.2/java/docs/junit-4.10-sources.jar" />
    <property name="libs.testng.classpath" value="/home/filip/netbeans-8.0.2/platform/modules/ext/testng-6.8.1-dist.jar" />
    <property name="libs.absolutelayout.maven-pom" value="" />
    <property name="ant.java.version" value="1.7" />
    <property name="java.library.path" value="/home/filip/jdk1.7.0_80/jre/lib/amd64:/home/filip/jdk1.7.0_80/jre/lib/i386::/usr/java/packages/lib/amd64:/usr/lib64:/lib64:/lib:/usr/lib" />
    <property name="javadoc.author" value="false" />
    <property name="java.util.logging.config.class" value="org.netbeans.core.startup.TopLogging" />
    <property name="ant.file.DuckCalcMath" value="/home/filip/Dokumenty/skola/leto/IVS/DuckCalc/DuckCalcMath/build.xml" />
    <property name="libs.spring-framework400.src" value="" />
    <property name="libs.PostgreSQLDriver.src" value="" />
    <property name="sun.arch.data.model" value="64" />
    <property name="basedir" value="/home/filip/Dokumenty/skola/leto/IVS/DuckCalc/DuckCalcMath" />
    <property name="libs.jpa20-persistence.maven-pom" value="" />
    <property name="jar.compress" value="false" />
    <property name="path.separator" value=":" />
    <property name="ant.junit.enabletestlistenerevents" value="true" />
    <property name="sun.io.unicode.encoding" value="UnicodeLittle" />
    <property name="libs.jaxws21.classpath" value="/home/filip/netbeans-8.0.2/ide/modules/ext/jaxb/jaxb-impl.jar:/home/filip/netbeans-8.0.2/ide/modules/ext/jaxb/jaxb-xjc.jar:/home/filip/netbeans-8.0.2/java/modules/ext/jaxws22/FastInfoset.jar:/home/filip/netbeans-8.0.2/java/modules/ext/jaxws22/gmbal-api-only.jar:/home/filip/netbeans-8.0.2/java/modules/ext/jaxws22/ha-api.jar:/home/filip/netbeans-8.0.2/java/modules/ext/jaxws22/javax.mail_1.4.jar:/home/filip/netbeans-8.0.2/java/modules/ext/jaxws22/jaxws-rt.jar:/home/filip/netbeans-8.0.2/java/modules/ext/jaxws22/jaxws-tools.jar:/home/filip/netbeans-8.0.2/java/modules/ext/jaxws22/management-api.jar:/home/filip/netbeans-8.0.2/java/modules/ext/jaxws22/mimepull.jar:/home/filip/netbeans-8.0.2/java/modules/ext/jaxws22/policy.jar:/home/filip/netbeans-8.0.2/java/modules/ext/jaxws22/saaj-impl.jar:/home/filip/netbeans-8.0.2/java/modules/ext/jaxws22/stax-ex.jar:/home/filip/netbeans-8.0.2/java/modules/ext/jaxws22/stax2-api.jar:/home/filip/netbeans-8.0.2/java/modules/ext/jaxws22/streambuffer.jar:/home/filip/netbeans-8.0.2/java/modules/ext/jaxws22/woodstox-core-asl.jar:/home/filip/netbeans-8.0.2/java/modules/ext/jaxws22/api/jaxws-api.jar:/home/filip/netbeans-8.0.2/java/modules/ext/jaxws22/api/jsr181-api.jar:/home/filip/netbeans-8.0.2/java/modules/ext/jaxws22/api/javax.annotation.jar:/home/filip/netbeans-8.0.2/java/modules/ext/jaxws22/api/saaj-api.jar:/home/filip/netbeans-8.0.2/ide/modules/ext/jaxb/activation.jar:/home/filip/netbeans-8.0.2/ide/modules/ext/jaxb/api/jaxb-api.jar:/home/filip/netbeans-8.0.2/ide/modules/ext/jaxb/api/jsr173_1.0_api.jar" />
    <property name="apple.awt.graphics.UseQuartz" value="true" />
    <property name="user.language" value="cs" />
    <property name="testng.mode" value="testng" />
    <property name="libs.JAXB-ENDORSED.maven-pom" value="" />
    <property name="libs.eclipselink.maven-pom" value="" />
    <property name="test.binaryincludes" value="&lt;nothing&gt;" />
    <property name="libs.spring-framework300.maven-pom" value="" />
    <property name="run.test.classpath" value=":build/classes:/home/filip/netbeans-8.0.2/platform/modules/ext/junit-4.10.jar:build/test/classes" />
    <property name="ant.project.invoked-targets" value="test" />
    <property name="test.binaryexcludes" value="" />
    <property name="libs.swing-layout.javadoc" value="/home/filip/netbeans-8.0.2/platform/docs/swing-layout-1.0.4-doc.zip" />
    <property name="sun.java2d.dpiaware" value="true" />
    <property name="libs.hibernate4-persistence.maven-pom" value="" />
    <property name="https.nonProxyHosts" value="localhost|127.0.0.1|filip-ThinkPad" />
    <property name="libs.PostgreSQLDriver.maven-pom" value="" />
    <property name="java.class.version" value="51.0" />
    <property name="libs.hibernate4-persistencemodelgen.maven-pom" value="" />
    <property name="libs.eclipselink.javadoc" value="/home/filip/netbeans-8.0.2/java/modules/ext/docs/javax.persistence-2.1.0-doc.zip" />
    <property name="user.properties.file" value="/home/filip/.netbeans/8.0.2/build.properties" />
    <property name="runtime.encoding" value="UTF-8" />
    <property name="libs.javac-api.maven-pom" value="" />
    <property name="file.encoding.pkg" value="sun.io" />
    <property name="sun.cpu.endian" value="little" />
    <property name="libs.JAXB-ENDORSED.javadoc" value="" />
    <property name="libs.JWSAntTasks.classpath" value="/home/filip/netbeans-8.0.2/java/ant/extra/org-netbeans-modules-javawebstart-anttasks.jar" />
    <property name="libs.spring-framework300.src" value="" />
    <property name="empty.dir" value="/home/filip/Dokumenty/skola/leto/IVS/DuckCalc/DuckCalcMath/build/empty" />
    <property name="version-output" value="java version &quot;1.7" />
    <property name="test.binarytestincludes" value="" />
    <property name="libs.hibernate4-persistencemodelgen.src" value="" />
    <property name="javadoc.preview" value="true" />
    <property name="libs.jpa20-persistence.javadoc" value="/home/filip/netbeans-8.0.2/java/modules/ext/docs/javax.persistence-2.1.0-doc.zip" />
    <property name="java.home" value="/home/filip/jdk1.7.0_80/jre" />
    <property name="debug.test.classpath" value=":build/classes:/home/filip/netbeans-8.0.2/platform/modules/ext/junit-4.10.jar:build/test/classes" />
    <property name="netbeans.importclass" value="org.netbeans.upgrade.AutoUpgrade" />
    <property name="ant.project.default-target" value="default" />
    <property name="annotation.processing.run.all.processors" value="true" />
    <property name="libs.PostgreSQLDriver.javadoc" value="" />
    <property name="libs.MySQLDriver.maven-pom" value="" />
    <property name="libs.hibernate4-persistence.javadoc" value="/home/filip/netbeans-8.0.2/java/modules/ext/docs/javax.persistence-2.1.0-doc.zip" />
    <property name="http.nonProxyHosts" value="localhost|127.0.0.1|filip-ThinkPad" />
    <property name="libs.junit_4.javadoc" value="/home/filip/netbeans-8.0.2/java/docs/junit-4.10-javadoc.jar" />
    <property name="run.classpath" value=":build/classes" />
    <property name="jna.boot.library.name" value="jnidispatch-410" />
    <property name="sun.awt.datatransfer.timeout" value="1000" />
    <property name="libs.jpa2-persistence.maven-pom" value="" />
    <property name="annotation.processing.enabled.in.editor" value="false" />
    <property name="libs.hibernate4-support.classpath" value="/home/filip/netbeans-8.0.2/java/modules/ext/hibernate4/antlr-2.7.7.jar:/home/filip/netbeans-8.0.2/java/modules/ext/hibernate4/c3p0-0.9.2.1.jar:/home/filip/netbeans-8.0.2/java/modules/ext/hibernate4/hibernate-c3p0-4.3.1.Final.jar:/home/filip/netbeans-8.0.2/java/modules/ext/hibernate4/mchange-commons-java-0.2.3.4.jar:/home/filip/netbeans-8.0.2/java/modules/ext/hibernate4/dom4j-1.6.1.jar:/home/filip/netbeans-8.0.2/java/modules/ext/hibernate4/ehcache-core-2.4.3.jar:/home/filip/netbeans-8.0.2/java/modules/ext/hibernate4/hibernate-ehcache-4.3.1.Final.jar:/home/filip/netbeans-8.0.2/java/modules/ext/hibernate4/hibernate-core-4.3.1.Final.jar:/home/filip/netbeans-8.0.2/java/modules/ext/hibernate4/jboss-logging-3.1.3.GA.jar:/home/filip/netbeans-8.0.2/java/modules/ext/hibernate4/hibernate-commons-annotations-4.0.4.Final.jar:/home/filip/netbeans-8.0.2/java/modules/ext/hibernate4/hibernate-entitymanager-4.3.1.Final.jar:/home/filip/netbeans-8.0.2/java/modules/ext/hibernate4/javassist-3.18.1-GA.jar:/home/filip/netbeans-8.0.2/java/modules/ext/hibernate4/jboss-transaction-api_1.2_spec-1.0.0.Final.jar:/home/filip/netbeans-8.0.2/java/modules/ext/hibernate4/slf4j-api-1.6.1.jar:/home/filip/netbeans-8.0.2/java/modules/ext/hibernate4/slf4j-simple-1.6.1.jar" />
    <property name="nb.native.filechooser" value="false" />
    <property name="sun.management.compiler" value="HotSpot 64-Bit Tiered Compilers" />
    <property name="javac.deprecation" value="false" />
    <property name="javadoc.use" value="true" />
    <property name="sun.java2d.noddraw" value="true" />
    <property name="javac.processorpath" value="" />
    <property name="javac.compilerargs" value="" />
    <property name="ant.file" value="/home/filip/Dokumenty/skola/leto/IVS/DuckCalc/DuckCalcMath/build.xml" />
    <property name="libs.beans-binding.maven-pom" value="" />
    <property name="libs.hibernate4-support.javadoc" value="/home/filip/netbeans-8.0.2/java/modules/ext/docs/javax.persistence-2.1.0-doc.zip" />
    <property name="libs.beans-binding.src" value="" />
    <property name="java.vm.specification.vendor" value="Oracle Corporation" />
    <property name="libs.swing-layout.src" value="/home/filip/netbeans-8.0.2/platform/docs/swing-layout-1.0.4-src.zip" />
    <property name="org.openide.major.version" value="IDE/1" />
    <property name="libs.GRAF.src" value="/media/filip/50E2-B88A/lib/pokus.jar" />
    <property name="java.vm.name" value="Java HotSpot(TM) 64-Bit Server VM" />
    <property name="ant.file.type.DuckCalcMath" value="file" />
    <property name="netbeans.user" value="/home/filip/.netbeans/8.0.2" />
    <property name="javadoc.additionalparam" value="" />
    <property name="java.io.tmpdir" value="/tmp" />
    <property name="java.vendor.url" value="http://java.oracle.com/" />
    <property name="endorsed.classpath.cmd.line.arg" value="" />
    <property name="junit.available" value="true" />
    <property name="ant.file.type.DuckCalcMath-impl" value="file" />
    <property name="sun.boot.library.path" value="/home/filip/jdk1.7.0_80/jre/lib/amd64" />
    <property name="have.sources" value="true" />
    <property name="debug.classpath" value=":build/classes" />
    <property name="javadoc.private" value="false" />
    <property name="test.src.dir" value="test" />
    <property name="ap.processors.internal" value="" />
    <property name="meta.inf.dir" value="src/META-INF" />
    <property name="javadoc.encoding.used" value="UTF-8" />
    <property name="dist.jar" value="dist/DuckCalcMath.jar" />
    <property name="libs.spring-framework400.maven-pom" value="" />
    <property name="java.runtime.name" value="Java(TM) SE Runtime Environment" />
    <property name="ant.project.name" value="DuckCalcMath" />
    <property name="netbeans.hash.code" value="unique=NBJDK_EXTIDE_JAVA_JDK0950a048d-e3b0-49ec-94f5-0ea4ee9a75ee_78d6e647-b077-4145-8de0-73900529f633" />
    <property name="netbeans.default_userdir_root" value="/home/filip/.netbeans" />
    <property name="sun.cpu.isalist" value="" />
    <property name="libs.spring-framework400.javadoc" value="" />
    <property name="libs.CopyLibs.javadoc" value="" />
    <property name="org.openide.specification.version" value="6.2" />
    <property name="user.home" value="/home/filip" />
    <property name="annotation.processing.processors.list" value="" />
    <property name="debug-args-line" value="-Xdebug" />
    <property name="ant.file.DuckCalcMath-impl" value="/home/filip/Dokumenty/skola/leto/IVS/DuckCalc/DuckCalcMath/nbproject/build-impl.xml" />
    <property name="libs.JWSAntTasks.src" value="" />
    <property name="jar.index" value="false" />
    <property name="libs.CopyLibs.maven-pom" value="" />
    <property name="libs.spring-framework300.javadoc" value="" />
    <property name="libs.absolutelayout.javadoc" value="" />
    <property name="java.specification.name" value="Java Platform API Specification" />
    <property name="java.specification.vendor" value="Oracle Corporation" />
    <property name="libs.javac-api.classpath" value="/home/filip/netbeans-8.0.2/java/modules/ext/nb-javac-api.jar" />
    <property name="libs.GRAF.maven-pom" value="" />
    <property name="java.version" value="1.7.0_80" />
    <property name="run.jvmargs.ide" value="" />
    <property name="javadoc.version" value="false" />
    <property name="libs.MySQLDriver.javadoc" value="" />
    <property name="org.openide.version" value="deprecated" />
    <property name="platform.java" value="/home/filip/jdk1.7.0_80/jre/bin/java" />
    <property name="source.encoding" value="UTF-8" />
    <property name="ap.cmd.line.internal" value="" />
    <property name="libs.eclipselinkmodelgen.maven-pom" value="" />
    <property name="libs.GRAF.javadoc" value="" />
    <property name="libs.junit.maven-pom" value="" />
    <property name="libs.eclipselinkmodelgen.javadoc" value="" />
    <property name="netbeans.home+have.tests" value="true" />
    <property name="annotation.processing.processor.options" value="" />
    <property name="libs.testng.maven-pom" value="" />
    <property name="libs.jaxb.src" value="" />
    <property name="work.dir" value="/home/filip/Dokumenty/skola/leto/IVS/DuckCalc/DuckCalcMath" />
    <property name="libs.jaxb.classpath" value="/home/filip/netbeans-8.0.2/ide/modules/ext/jaxb/jaxb-impl.jar:/home/filip/netbeans-8.0.2/ide/modules/ext/jaxb/jaxb-xjc.jar:/home/filip/netbeans-8.0.2/ide/modules/ext/jaxb/jaxb1-impl.jar:/home/filip/netbeans-8.0.2/ide/modules/ext/jaxb/activation.jar:/home/filip/netbeans-8.0.2/ide/modules/ext/jaxb/api/jaxb-api.jar:/home/filip/netbeans-8.0.2/ide/modules/ext/jaxb/api/jsr173_1.0_api.jar" />
    <property name="do.depend" value="false" />
    <property name="dist.javadoc.dir" value="dist/javadoc" />
    <property name="libs.swing-layout.classpath" value="/home/filip/netbeans-8.0.2/platform/modules/ext/swing-layout-1.0.4.jar" />
    <property name="build.generated.dir" value="build/generated" />
    <property name="javac.source" value="1.7" />
    <property name="line.separator" value="&#xa;" />
    <property name="java.specification.version" value="1.7" />
    <property name="libs.jaxws21.maven-pom" value="" />
    <property name="java.vm.info" value="mixed mode" />
    <property name="nb.junit.batch" value="true" />
    <property name="junit.forkmode" value="perTest" />
    <property name="sun.boot.class.path" value="/home/filip/jdk1.7.0_80/jre/lib/resources.jar:/home/filip/jdk1.7.0_80/jre/lib/rt.jar:/home/filip/jdk1.7.0_80/jre/lib/sunrsasign.jar:/home/filip/jdk1.7.0_80/jre/lib/jsse.jar:/home/filip/jdk1.7.0_80/jre/lib/jce.jar:/home/filip/jdk1.7.0_80/jre/lib/charsets.jar:/home/filip/jdk1.7.0_80/jre/lib/jfr.jar:/home/filip/jdk1.7.0_80/jre/classes" />
    <property name="javac.target" value="1.7" />
    <property name="built-jar.properties" value="/home/filip/Dokumenty/skola/leto/IVS/DuckCalc/DuckCalcMath/build/built-jar.properties" />
    <property name="build.test.classes.dir" value="build/test/classes" />
    <property name="src.dir" value="src" />
    <property name="annotation.processing.enabled" value="true" />
    <property name="libs.jpa2-persistence.src" value="" />
    <property name="libs.jpa20-persistence.src" value="" />
    <property name="ignore.failing.tests" value="true" />
    <property name="dist.dir" value="dist" />
    <property name="testng.debug.mode" value="" />
    <property name="javac.fork" value="false" />
    <property name="java.awt.printerjob" value="sun.print.PSPrinterJob" />
    <property name="default.javac.source" value="1.7" />
    <property name="debug-transport-by-os" value="dt_socket" />
    <property name="libs.MySQLDriver.src" value="" />
    <property name="sun.jnu.encoding" value="UTF-8" />
    <property name="java.runtime.version" value="1.7.0_80-b15" />
    <property name="build.test.results.dir" value="build/test/results" />
    <property name="jna.platform.library.path" value="/usr/lib/x86_64-linux-gnu:/lib/x86_64-linux-gnu:/lib64:/usr/lib:/lib" />
    <property name="default.javac.target" value="1.7" />
    <property name="libs.junit_4.classpath" value="/home/filip/netbeans-8.0.2/platform/modules/ext/junit-4.10.jar" />
    <property name="user.timezone" value="" />
    <property name="nb.junit.single" value="false" />
    <property name="netbeans.dirs" value="/home/filip/netbeans-8.0.2/nb:/home/filip/netbeans-8.0.2/ergonomics:/home/filip/netbeans-8.0.2/ide:/home/filip/netbeans-8.0.2/extide:/home/filip/netbeans-8.0.2/java:/home/filip/netbeans-8.0.2/apisupport:/home/filip/netbeans-8.0.2/webcommon:/home/filip/netbeans-8.0.2/websvccommon:/home/filip/netbeans-8.0.2/enterprise:/home/filip/netbeans-8.0.2/mobility:/home/filip/netbeans-8.0.2/profiler:/home/filip/netbeans-8.0.2/python:/home/filip/netbeans-8.0.2/php:/home/filip/netbeans-8.0.2/identity:/home/filip/netbeans-8.0.2/harness:/home/filip/netbeans-8.0.2/cnd:/home/filip/netbeans-8.0.2/dlight:/home/filip/netbeans-8.0.2/groovy:/home/filip/netbeans-8.0.2/extra:/home/filip/netbeans-8.0.2/javacard:/home/filip/netbeans-8.0.2/javafx:" />
    <property name="java.ext.dirs" value="/home/filip/jdk1.7.0_80/jre/lib/ext:/usr/java/packages/lib/ext" />
    <property name="libs.absolutelayout.classpath" value="/home/filip/netbeans-8.0.2/java/modules/ext/AbsoluteLayout.jar" />
    <property name="excludes" value="" />
    <property name="libs.jpa2-persistence.javadoc" value="/home/filip/netbeans-8.0.2/java/modules/ext/docs/javax.persistence-2.1.0-doc.zip" />
    <property name="java.class.path" value="/home/filip/Dokumenty/skola/leto/IVS/DuckCalc/DuckCalcMath/build/classes:/home/filip/netbeans-8.0.2/platform/modules/ext/junit-4.10.jar:/home/filip/Dokumenty/skola/leto/IVS/DuckCalc/DuckCalcMath/build/test/classes:/home/filip/netbeans-8.0.2/extide/ant/lib/ant-launcher.jar:/home/filip/netbeans-8.0.2/extide/ant/lib/ant.jar:/home/filip/netbeans-8.0.2/extide/ant/lib/ant-junit.jar:/home/filip/netbeans-8.0.2/extide/ant/lib/ant-junit4.jar" />
    <property name="apple.laf.useScreenMenuBar" value="true" />
    <property name="libs.absolutelayout.src" value="" />
    <property name="libs.jpa20-persistence.classpath" value="/home/filip/netbeans-8.0.2/java/modules/ext/eclipselink/javax.persistence_2.1.0.v201304241213.jar" />
    <property name="os.version" value="3.19.0-58-generic" />
    <property name="application.args" value="" />
    <property name="sun.awt.enableExtraMouseButtons" value="true" />
    <property name="sun.desktop" value="gnome" />
    <property name="libs.hibernate4-persistence.src" value="" />
    <property name="libs.hibernate4-support.maven-pom" value="" />
    <property name="nb.internal.action.name" value="test" />
    <property name="libs.JAXB-ENDORSED.classpath" value="/home/filip/netbeans-8.0.2/ide/modules/ext/jaxb/api/jaxb-api.jar" />
    <property name="libs.eclipselink.classpath" value="/home/filip/netbeans-8.0.2/java/modules/ext/eclipselink/eclipselink.jar:/home/filip/netbeans-8.0.2/java/modules/ext/eclipselink/javax.persistence_2.1.0.v201304241213.jar:/home/filip/netbeans-8.0.2/java/modules/ext/eclipselink/org.eclipse.persistence.jpa.jpql_2.5.2.v20140319-9ad6abd.jar" />
    <property name="java.awt.graphicsenv" value="sun.awt.X11GraphicsEnvironment" />
    <property name="libs.beans-binding.javadoc" value="/home/filip/netbeans-8.0.2/java/docs/beansbinding-1.2.1-doc.zip" />
    <property name="java.vm.vendor" value="Oracle Corporation" />
    <property name="libs.CopyLibs.classpath" value="/home/filip/netbeans-8.0.2/java/ant/extra/org-netbeans-modules-java-j2seproject-copylibstask.jar" />
    <property name="libs.spring-framework300.classpath" value="/home/filip/netbeans-8.0.2/ide/modules/org-apache-commons-logging.jar:/home/filip/netbeans-8.0.2/java/modules/ext/cglib-2.2.jar:/home/filip/netbeans-8.0.2/java/modules/ext/spring-3.0/spring-aop-3.2.7.RELEASE.jar:/home/filip/netbeans-8.0.2/java/modules/ext/spring-3.0/spring-aspects-3.2.7.RELEASE.jar:/home/filip/netbeans-8.0.2/java/modules/ext/spring-3.0/spring-beans-3.2.7.RELEASE.jar:/home/filip/netbeans-8.0.2/java/modules/ext/spring-3.0/spring-build-src-3.2.7.RELEASE.jar:/home/filip/netbeans-8.0.2/java/modules/ext/spring-3.0/spring-context-3.2.7.RELEASE.jar:/home/filip/netbeans-8.0.2/java/modules/ext/spring-3.0/spring-context-support-3.2.7.RELEASE.jar:/home/filip/netbeans-8.0.2/java/modules/ext/spring-3.0/spring-core-3.2.7.RELEASE.jar:/home/filip/netbeans-8.0.2/java/modules/ext/spring-3.0/spring-expression-3.2.7.RELEASE.jar:/home/filip/netbeans-8.0.2/java/modules/ext/spring-3.0/spring-framework-bom-3.2.7.RELEASE.jar:/home/filip/netbeans-8.0.2/java/modules/ext/spring-3.0/spring-instrument-3.2.7.RELEASE.jar:/home/filip/netbeans-8.0.2/java/modules/ext/spring-3.0/spring-instrument-tomcat-3.2.7.RELEASE.jar:/home/filip/netbeans-8.0.2/java/modules/ext/spring-3.0/spring-jdbc-3.2.7.RELEASE.jar:/home/filip/netbeans-8.0.2/java/modules/ext/spring-3.0/spring-jms-3.2.7.RELEASE.jar:/home/filip/netbeans-8.0.2/java/modules/ext/spring-3.0/spring-orm-3.2.7.RELEASE.jar:/home/filip/netbeans-8.0.2/java/modules/ext/spring-3.0/spring-oxm-3.2.7.RELEASE.jar:/home/filip/netbeans-8.0.2/java/modules/ext/spring-3.0/spring-struts-3.2.7.RELEASE.jar:/home/filip/netbeans-8.0.2/java/modules/ext/spring-3.0/spring-test-3.2.7.RELEASE.jar:/home/filip/netbeans-8.0.2/java/modules/ext/spring-3.0/spring-tx-3.2.7.RELEASE.jar:/home/filip/netbeans-8.0.2/java/modules/ext/spring-3.0/spring-web-3.2.7.RELEASE.jar:/home/filip/netbeans-8.0.2/java/modules/ext/spring-3.0/spring-webmvc-3.2.7.RELEASE.jar:/home/filip/netbeans-8.0.2/java/modules/ext/spring-3.0/spring-webmvc-portlet-3.2.7.RELEASE.jar" />
    <property name="run.jvmargs" value="" />
    <property name="libs.hibernate4-persistence.classpath" value="/home/filip/netbeans-8.0.2/java/modules/ext/hibernate4/antlr-2.7.7.jar:/home/filip/netbeans-8.0.2/java/modules/ext/hibernate4/c3p0-0.9.2.1.jar:/home/filip/netbeans-8.0.2/java/modules/ext/hibernate4/hibernate-c3p0-4.3.1.Final.jar:/home/filip/netbeans-8.0.2/java/modules/ext/hibernate4/mchange-commons-java-0.2.3.4.jar:/home/filip/netbeans-8.0.2/java/modules/ext/hibernate4/dom4j-1.6.1.jar:/home/filip/netbeans-8.0.2/java/modules/ext/hibernate4/ehcache-core-2.4.3.jar:/home/filip/netbeans-8.0.2/java/modules/ext/hibernate4/hibernate-ehcache-4.3.1.Final.jar:/home/filip/netbeans-8.0.2/java/modules/ext/hibernate4/hibernate-core-4.3.1.Final.jar:/home/filip/netbeans-8.0.2/java/modules/ext/hibernate4/jboss-logging-3.1.3.GA.jar:/home/filip/netbeans-8.0.2/java/modules/ext/hibernate4/hibernate-commons-annotations-4.0.4.Final.jar:/home/filip/netbeans-8.0.2/java/modules/ext/hibernate4/hibernate-entitymanager-4.3.1.Final.jar:/home/filip/netbeans-8.0.2/java/modules/ext/hibernate4/javassist-3.18.1-GA.jar:/home/filip/netbeans-8.0.2/java/modules/ext/hibernate4/jboss-transaction-api_1.2_spec-1.0.0.Final.jar:/home/filip/netbeans-8.0.2/java/modules/ext/hibernate4/slf4j-api-1.6.1.jar:/home/filip/netbeans-8.0.2/java/modules/ext/hibernate4/slf4j-simple-1.6.1.jar:/home/filip/netbeans-8.0.2/java/modules/ext/hibernate4/hibernate-jpa-2.1-api-1.0.0.Final.jar" />
    <property name="dist.archive.excludes" value="" />
    <property name="libs.JAXB-ENDORSED.src" value="" />
    <property name="libs.testng.javadoc" value="/home/filip/netbeans-8.0.2/platform/docs/testng-6.8.1-javadoc.zip" />
    <property name="libs.PostgreSQLDriver.classpath" value="/home/filip/netbeans-8.0.2/ide/modules/ext/postgresql-9.2-1002.jdbc4.jar" />
    <property name="libs.hibernate4-persistencemodelgen.classpath" value="/home/filip/netbeans-8.0.2/java/modules/ext/hibernate4/hibernate-jpamodelgen-4.3.1.Final.jar" />
    <property name="libs.junit.src" value="" />
    <property name="annotation.processing.source.output" value="build/generated-sources/ap-source-output" />
    <property name="build.dir" value="build" />
    <property name="libs.CopyLibs.src" value="" />
    <property name="ant.version" value="Apache Ant(TM) version 1.9.4 compiled on April 29 2014" />
    <property name="file.encoding" value="UTF-8" />
    <property name="build.classes.excludes" value="**/*.java,**/*.form" />
    <property name="jdkBug6558476" value="false" />
    <property name="javadoc.nonavbar" value="false" />
    <property name="platform.active" value="default_platform" />
    <property name="awt.toolkit" value="sun.awt.X11.XToolkit" />
  </properties>
  <testcase classname="matematika.operationTest" name="testadd" time="0.005" />
  <testcase classname="matematika.operationTest" name="testmod" time="0.001" />
  <testcase classname="matematika.operationTest" name="testfakt" time="0.001" />
  <testcase classname="matematika.operationTest" name="testerr" time="0.002" />
  <testcase classname="matematika.operationTest" name="testsub" time="0.001" />
  <testcase classname="matematika.operationTest" name="testdiv" time="0.001" />
  <testcase classname="matematika.operationTest" name="testmul" time="0.002" />
  <testcase classname="matematika.operationTest" name="testpowsingle" time="0.006" />
  <system-out><![CDATA[]]></system-out>
  <system-err><![CDATA[]]></system-err>
</testsuite>
